<?xml version='1.0' encoding='UTF-8'?>
<testsuite hostname="ML-AGARR-OSX.local" name="amf.emit.CompleteCycleTest" tests="197" errors="0" failures="0" skipped="4" time="19.213">
                     <properties>
[...]
</properties>
                     <testcase classname="amf.emit.CompleteCycleTest" name="Types dependency amf(raml) to raml test" time="-0.001">
                                                 <skipped/>
                                               </testcase><testcase classname="amf.emit.CompleteCycleTest" name="Types dependency amf(oas) to oas test" time="-0.001">
                                                 <skipped/>
                                               </testcase><testcase classname="amf.emit.CompleteCycleTest" name="Test libraries raml to oas" time="-0.001">
                                                 <skipped/>
                                               </testcase><testcase classname="amf.emit.CompleteCycleTest" name="Test libraries oas to raml" time="-0.001">
                                                 <skipped/>
                                               </testcase><testcase classname="amf.emit.CompleteCycleTest" name="Full raml to raml test" time="0.237">
                                                 
                                               </testcase><testcase classname="amf.emit.CompleteCycleTest" name="Full oas to oas test" time="0.104">
                                                 
                                               </testcase><testcase classname="amf.emit.CompleteCycleTest" name="Full raml to oas test" time="0.08">
                                                 
                                               </testcase><testcase classname="amf.emit.CompleteCycleTest" name="Full oas to raml test" time="0.152">
                                                 
                                               </testcase><testcase classname="amf.emit.CompleteCycleTest" name="Full raml to amf test" time="0.435">
                                                 
                                               </testcase><testcase classname="amf.emit.CompleteCycleTest" name="Full oas to amf test" time="0.395">
                                                 
                                               </testcase><testcase classname="amf.emit.CompleteCycleTest" name="Traits and resourceTypes raml to amf test" time="0.34">
                                                 
                                               </testcase><testcase classname="amf.emit.CompleteCycleTest" name="Traits and resourceTypes raml to raml test" time="0.065">
                                                 
                                               </testcase><testcase classname="amf.emit.CompleteCycleTest" name="Traits and resourceTypes oas to amf test" time="0.422">
                                                 
                                               </testcase><testcase classname="amf.emit.CompleteCycleTest" name="Traits and resourceTypes oas to oas test" time="0.049">
                                                 
                                               </testcase><testcase classname="amf.emit.CompleteCycleTest" name="Traits and resourceTypes raml to oas test" time="0.069">
                                                 
                                               </testcase><testcase classname="amf.emit.CompleteCycleTest" name="Traits and resourceTypes with multiple variable transformations raml to raml test" time="0.063">
                                                 
                                               </testcase><testcase classname="amf.emit.CompleteCycleTest" name="Traits and resourceTypes with complex variables raml to raml test" time="0.046">
                                                 
                                               </testcase><testcase classname="amf.emit.CompleteCycleTest" name="Basic cycle for amf" time="0.038">
                                                 
                                               </testcase><testcase classname="amf.emit.CompleteCycleTest" name="Basic cycle for raml" time="0.013">
                                                 
                                               </testcase><testcase classname="amf.emit.CompleteCycleTest" name="Basic cycle for oas" time="0.017">
                                                 
                                               </testcase><testcase classname="amf.emit.CompleteCycleTest" name="Basic raml to amf test" time="0.028">
                                                 
                                               </testcase><testcase classname="amf.emit.CompleteCycleTest" name="Basic oas to amf test" time="0.028">
                                                 
                                               </testcase><testcase classname="amf.emit.CompleteCycleTest" name="Basic amf(raml) to raml test" time="0.032">
                                                 
                                               </testcase><testcase classname="amf.emit.CompleteCycleTest" name="Basic amf(oas) to oas test" time="0.043">
                                                 
                                               </testcase><testcase classname="amf.emit.CompleteCycleTest" name="Basic raml to oas test" time="0.015">
                                                 
                                               </testcase><testcase classname="amf.emit.CompleteCycleTest" name="Basic oas to raml test" time="0.012">
                                                 
                                               </testcase><testcase classname="amf.emit.CompleteCycleTest" name="Complete amf to amf test" time="0.082">
                                                 
                                               </testcase><testcase classname="amf.emit.CompleteCycleTest" name="Complete raml to amf test" time="0.063">
                                                 
                                               </testcase><testcase classname="amf.emit.CompleteCycleTest" name="Complete raml to oas test" time="0.015">
                                                 
                                               </testcase><testcase classname="amf.emit.CompleteCycleTest" name="Complete oas to amf test" time="0.043">
                                                 
                                               </testcase><testcase classname="amf.emit.CompleteCycleTest" name="Complete oas to raml test" time="0.015">
                                                 
                                               </testcase><testcase classname="amf.emit.CompleteCycleTest" name="Complete raml to raml test" time="0.023">
                                                 
                                               </testcase><testcase classname="amf.emit.CompleteCycleTest" name="Complete oas to oas test" time="0.02">
                                                 
                                               </testcase><testcase classname="amf.emit.CompleteCycleTest" name="Complete amf(raml) to raml test" time="0.059">
                                                 
                                               </testcase><testcase classname="amf.emit.CompleteCycleTest" name="Complete amf(oas) to oas test" time="0.067">
                                                 
                                               </testcase><testcase classname="amf.emit.CompleteCycleTest" name="Endpoints amf to amf test" time="0.134">
                                                 
                                               </testcase><testcase classname="amf.emit.CompleteCycleTest" name="Endpoints raml to amf test" time="0.064">
                                                 
                                               </testcase><testcase classname="amf.emit.CompleteCycleTest" name="Endpoints raml to oas test" time="0.017">
                                                 
                                               </testcase><testcase classname="amf.emit.CompleteCycleTest" name="Endpoints raml to raml test" time="0.031">
                                                 
                                               </testcase><testcase classname="amf.emit.CompleteCycleTest" name="Endpoints oas to raml test" time="0.025">
                                                 
                                               </testcase><testcase classname="amf.emit.CompleteCycleTest" name="Endpoints oas to amf test" time="0.08">
                                                 
                                               </testcase><testcase classname="amf.emit.CompleteCycleTest" name="Endpoints oas to oas test" time="0.034">
                                                 
                                               </testcase><testcase classname="amf.emit.CompleteCycleTest" name="Endpoints amf(raml) to raml test" time="0.144">
                                                 
                                               </testcase><testcase classname="amf.emit.CompleteCycleTest" name="Endpoints amf(oas) to oas test" time="0.114">
                                                 
                                               </testcase><testcase classname="amf.emit.CompleteCycleTest" name="Complete with operations raml to oas test" time="0.052">
                                                 
                                               </testcase><testcase classname="amf.emit.CompleteCycleTest" name="Complete with operations raml to raml test" time="0.043">
                                                 
                                               </testcase><testcase classname="amf.emit.CompleteCycleTest" name="Complete with operations oas to raml test" time="0.04">
                                                 
                                               </testcase><testcase classname="amf.emit.CompleteCycleTest" name="Complete with operations oas to oas test" time="0.048">
                                                 
                                               </testcase><testcase classname="amf.emit.CompleteCycleTest" name="Complete with request raml to raml test" time="0.04">
                                                 
                                               </testcase><testcase classname="amf.emit.CompleteCycleTest" name="Complete with request oas to raml test" time="0.027">
                                                 
                                               </testcase><testcase classname="amf.emit.CompleteCycleTest" name="Complete with request raml to oas test" time="0.03">
                                                 
                                               </testcase><testcase classname="amf.emit.CompleteCycleTest" name="Complete with response oas to raml test" time="0.036">
                                                 
                                               </testcase><testcase classname="amf.emit.CompleteCycleTest" name="Complete with response oas to oas test" time="0.044">
                                                 
                                               </testcase><testcase classname="amf.emit.CompleteCycleTest" name="Complete with response raml to raml test" time="0.027">
                                                 
                                               </testcase><testcase classname="amf.emit.CompleteCycleTest" name="Complete with response raml to oas test" time="0.03">
                                                 
                                               </testcase><testcase classname="amf.emit.CompleteCycleTest" name="Complete with parameter references oas to oas test" time="0.029">
                                                 
                                               </testcase><testcase classname="amf.emit.CompleteCycleTest" name="Complete with parameter references oas to amf test" time="0.029">
                                                 
                                               </testcase><testcase classname="amf.emit.CompleteCycleTest" name="Complete with parameter references oas to raml test" time="0.018">
                                                 
                                               </testcase><testcase classname="amf.emit.CompleteCycleTest" name="Complete with parameter references raml to amf test" time="0.035">
                                                 
                                               </testcase><testcase classname="amf.emit.CompleteCycleTest" name="Complete with payloads raml to raml test" time="0.02">
                                                 
                                               </testcase><testcase classname="amf.emit.CompleteCycleTest" name="Complete with payloads raml to oas test" time="0.027">
                                                 
                                               </testcase><testcase classname="amf.emit.CompleteCycleTest" name="Complete with payloads oas to oas test" time="0.028">
                                                 
                                               </testcase><testcase classname="amf.emit.CompleteCycleTest" name="Complete with payloads oas to raml test" time="0.022">
                                                 
                                               </testcase><testcase classname="amf.emit.CompleteCycleTest" name="Children endpoints amf to raml test" time="0.184">
                                                 
                                               </testcase><testcase classname="amf.emit.CompleteCycleTest" name="Children endpoints raml to raml test" time="0.057">
                                                 
                                               </testcase><testcase classname="amf.emit.CompleteCycleTest" name="Children endpoints raml to amf test" time="0.131">
                                                 
                                               </testcase><testcase classname="amf.emit.CompleteCycleTest" name="Types raml to amf test" time="0.402">
                                                 
                                               </testcase><testcase classname="amf.emit.CompleteCycleTest" name="Types amf(raml) to amf test" time="0.764">
                                                 
                                               </testcase><testcase classname="amf.emit.CompleteCycleTest" name="Types implicit &amp; explicit raml to raml test" time="0.027">
                                                 
                                               </testcase><testcase classname="amf.emit.CompleteCycleTest" name="Types implicit &amp; explicit oas to oas test" time="0.024">
                                                 
                                               </testcase><testcase classname="amf.emit.CompleteCycleTest" name="Types implicit &amp; explicit raml to oas test" time="0.023">
                                                 
                                               </testcase><testcase classname="amf.emit.CompleteCycleTest" name="Types implicit &amp; explicit oas to raml test" time="0.022">
                                                 
                                               </testcase><testcase classname="amf.emit.CompleteCycleTest" name="Types dependency raml to raml test" time="0.062">
                                                 
                                               </testcase><testcase classname="amf.emit.CompleteCycleTest" name="Types dependency oas to oas test" time="0.046">
                                                 
                                               </testcase><testcase classname="amf.emit.CompleteCycleTest" name="Types dependency raml to oas test" time="0.041">
                                                 
                                               </testcase><testcase classname="amf.emit.CompleteCycleTest" name="Types dependency oas to raml test" time="0.05">
                                                 
                                               </testcase><testcase classname="amf.emit.CompleteCycleTest" name="Types dependency raml to amf test" time="0.293">
                                                 
                                               </testcase><testcase classname="amf.emit.CompleteCycleTest" name="Types dependency oas to amf test" time="0.341">
                                                 
                                               </testcase><testcase classname="amf.emit.CompleteCycleTest" name="Types declarations oas to oas test" time="0.028">
                                                 
                                               </testcase><testcase classname="amf.emit.CompleteCycleTest" name="Types declarations raml to raml test" time="0.026">
                                                 
                                               </testcase><testcase classname="amf.emit.CompleteCycleTest" name="Types all facets raml to raml test" time="0.044">
                                                 
                                               </testcase><testcase classname="amf.emit.CompleteCycleTest" name="Types all facets oas to oas test" time="0.025">
                                                 
                                               </testcase><testcase classname="amf.emit.CompleteCycleTest" name="Types all facets oas to raml test" time="0.035">
                                                 
                                               </testcase><testcase classname="amf.emit.CompleteCycleTest" name="Types all facets raml to oas test" time="0.027">
                                                 
                                               </testcase><testcase classname="amf.emit.CompleteCycleTest" name="Types all types raml to raml test" time="0.07">
                                                 
                                               </testcase><testcase classname="amf.emit.CompleteCycleTest" name="Multiple inheritance raml to raml" time="0.031">
                                                 
                                               </testcase><testcase classname="amf.emit.CompleteCycleTest" name="Annotations raml to raml test" time="0.016">
                                                 
                                               </testcase><testcase classname="amf.emit.CompleteCycleTest" name="Annotations raml to jsonld test" time="0.04">
                                                 
                                               </testcase><testcase classname="amf.emit.CompleteCycleTest" name="Annotations jsonld to jsonld test" time="0.132">
                                                 
                                               </testcase><testcase classname="amf.emit.CompleteCycleTest" name="Annotations oas to jsonld test" time="0.093">
                                                 
                                               </testcase><testcase classname="amf.emit.CompleteCycleTest" name="Annotations oas to oas test" time="0.015">
                                                 
                                               </testcase><testcase classname="amf.emit.CompleteCycleTest" name="Types all types oas to oas test" time="0.065">
                                                 
                                               </testcase><testcase classname="amf.emit.CompleteCycleTest" name="Types all types raml to oas test" time="0.045">
                                                 
                                               </testcase><testcase classname="amf.emit.CompleteCycleTest" name="Types all types oas to raml test" time="0.046">
                                                 
                                               </testcase><testcase classname="amf.emit.CompleteCycleTest" name="Test libraries raml to raml" time="0.016">
                                                 
                                               </testcase><testcase classname="amf.emit.CompleteCycleTest" name="Test multiple aliases libraries raml to raml" time="0.021">
                                                 
                                               </testcase><testcase classname="amf.emit.CompleteCycleTest" name="Test multiple aliases libraries raml to amf" time="0.06">
                                                 
                                               </testcase><testcase classname="amf.emit.CompleteCycleTest" name="Test multiple aliases libraries amf to raml" time="0.068">
                                                 
                                               </testcase><testcase classname="amf.emit.CompleteCycleTest" name="Test libraries oas to oas" time="0.018">
                                                 
                                               </testcase><testcase classname="amf.emit.CompleteCycleTest" name="Test libraries raml to amf" time="0.04">
                                                 
                                               </testcase><testcase classname="amf.emit.CompleteCycleTest" name="Test libraries amf to raml" time="0.056">
                                                 
                                               </testcase><testcase classname="amf.emit.CompleteCycleTest" name="Test libraries oas to amf" time="0.043">
                                                 
                                               </testcase><testcase classname="amf.emit.CompleteCycleTest" name="Test libraries amf to oas" time="0.058">
                                                 
                                               </testcase><testcase classname="amf.emit.CompleteCycleTest" name="Test data type fragment raml to raml" time="0.02">
                                                 
                                               </testcase><testcase classname="amf.emit.CompleteCycleTest" name="Test data type fragment amf to raml" time="0.051">
                                                 
                                               </testcase><testcase classname="amf.emit.CompleteCycleTest" name="Test data type fragment amf to amf" time="0.068">
                                                 
                                               </testcase><testcase classname="amf.emit.CompleteCycleTest" name="Test data type fragment oas to oas" time="0.012">
                                                 
                                               </testcase><testcase classname="amf.emit.CompleteCycleTest" name="Test data type fragment oas to amf" time="0.033">
                                                 
                                               </testcase><testcase classname="amf.emit.CompleteCycleTest" name="Test data type fragment amf to oas" time="0.05">
                                                 
                                               </testcase><testcase classname="amf.emit.CompleteCycleTest" name="resource type fragment raml to raml" time="0.014">
                                                 
                                               </testcase><testcase classname="amf.emit.CompleteCycleTest" name="trait fragment raml to raml" time="0.022">
                                                 
                                               </testcase><testcase classname="amf.emit.CompleteCycleTest" name="Extension fragment raml to amf" time="0.239">
                                                 
                                               </testcase><testcase classname="amf.emit.CompleteCycleTest" name="Extension fragment raml to raml" time="0.04">
                                                 
                                               </testcase><testcase classname="amf.emit.CompleteCycleTest" name="Overlay fragment raml to amf" time="0.275">
                                                 
                                               </testcase><testcase classname="amf.emit.CompleteCycleTest" name="Overlay fragment raml to raml" time="0.044">
                                                 
                                               </testcase><testcase classname="amf.emit.CompleteCycleTest" name="Test libraries references in delares raml to raml" time="0.02">
                                                 
                                               </testcase><testcase classname="amf.emit.CompleteCycleTest" name="Overlay fragment oas to amf" time="0.207">
                                                 
                                               </testcase><testcase classname="amf.emit.CompleteCycleTest" name="Overlay fragment oas to oas" time="0.035">
                                                 
                                               </testcase><testcase classname="amf.emit.CompleteCycleTest" name="Extension fragment oas to amf" time="0.205">
                                                 
                                               </testcase><testcase classname="amf.emit.CompleteCycleTest" name="Extension fragment oas to oas" time="0.039">
                                                 
                                               </testcase><testcase classname="amf.emit.CompleteCycleTest" name="Extension fragment jsonld to oas" time="0.227">
                                                 
                                               </testcase><testcase classname="amf.emit.CompleteCycleTest" name="Overlay fragment jsonld to oas" time="0.254">
                                                 
                                               </testcase><testcase classname="amf.emit.CompleteCycleTest" name="Extension fragment jsonld to raml" time="0.216">
                                                 
                                               </testcase><testcase classname="amf.emit.CompleteCycleTest" name="Overlay fragment jsonld to raml" time="0.23">
                                                 
                                               </testcase><testcase classname="amf.emit.CompleteCycleTest" name="More types raml to raml test" time="0.025">
                                                 
                                               </testcase><testcase classname="amf.emit.CompleteCycleTest" name="More types raml to oas test" time="0.027">
                                                 
                                               </testcase><testcase classname="amf.emit.CompleteCycleTest" name="Types forward references raml to raml test" time="0.059">
                                                 
                                               </testcase><testcase classname="amf.emit.CompleteCycleTest" name="Types forward references oas to oas test" time="0.032">
                                                 
                                               </testcase><testcase classname="amf.emit.CompleteCycleTest" name="Types forward inherits references raml to raml test" time="0.024">
                                                 
                                               </testcase><testcase classname="amf.emit.CompleteCycleTest" name="Schema types raml to amf test" time="0.089">
                                                 
                                               </testcase><testcase classname="amf.emit.CompleteCycleTest" name="Schema types jsonld to raml test" time="0.117">
                                                 
                                               </testcase><testcase classname="amf.emit.CompleteCycleTest" name="Schema types raml to oas test" time="0.041">
                                                 
                                               </testcase><testcase classname="amf.emit.CompleteCycleTest" name="Schema types oas to amf test" time="0.1">
                                                 
                                               </testcase><testcase classname="amf.emit.CompleteCycleTest" name="Schema types amf to oas test" time="0.154">
                                                 
                                               </testcase><testcase classname="amf.emit.CompleteCycleTest" name="Security schemes raml to amf" time="0.117">
                                                 
                                               </testcase><testcase classname="amf.emit.CompleteCycleTest" name="Security schemes raml to raml" time="0.048">
                                                 
                                               </testcase><testcase classname="amf.emit.CompleteCycleTest" name="Security schemes oas to amf" time="0.162">
                                                 
                                               </testcase><testcase classname="amf.emit.CompleteCycleTest" name="Security schemes oas to oas" time="0.052">
                                                 
                                               </testcase><testcase classname="amf.emit.CompleteCycleTest" name="SecuredBy raml to raml" time="0.046">
                                                 
                                               </testcase><testcase classname="amf.emit.CompleteCycleTest" name="SecuredBy raml to amf" time="0.444">
                                                 
                                               </testcase><testcase classname="amf.emit.CompleteCycleTest" name="SecuredBy amf to raml" time="0.408">
                                                 
                                               </testcase><testcase classname="amf.emit.CompleteCycleTest" name="SecuredBy oas to oas" time="0.045">
                                                 
                                               </testcase><testcase classname="amf.emit.CompleteCycleTest" name="QueryString raml to raml" time="0.021">
                                                 
                                               </testcase><testcase classname="amf.emit.CompleteCycleTest" name="QueryString oas to oas" time="0.024">
                                                 
                                               </testcase><testcase classname="amf.emit.CompleteCycleTest" name="QueryString oas to amf" time="0.15">
                                                 
                                               </testcase><testcase classname="amf.emit.CompleteCycleTest" name="QueryString amf to oas" time="0.174">
                                                 
                                               </testcase><testcase classname="amf.emit.CompleteCycleTest" name="QueryString raml to amf" time="0.139">
                                                 
                                               </testcase><testcase classname="amf.emit.CompleteCycleTest" name="QueryString amf to raml" time="0.162">
                                                 
                                               </testcase><testcase classname="amf.emit.CompleteCycleTest" name="Security with QueryString raml to raml" time="0.022">
                                                 
                                               </testcase><testcase classname="amf.emit.CompleteCycleTest" name="Security with QueryString raml to amf" time="0.084">
                                                 
                                               </testcase><testcase classname="amf.emit.CompleteCycleTest" name="Security with QueryString amf to raml" time="0.105">
                                                 
                                               </testcase><testcase classname="amf.emit.CompleteCycleTest" name="Security with QueryString oas to oas" time="0.044">
                                                 
                                               </testcase><testcase classname="amf.emit.CompleteCycleTest" name="Security with QueryString oas to amf" time="0.093">
                                                 
                                               </testcase><testcase classname="amf.emit.CompleteCycleTest" name="Security with QueryString amf to oas" time="0.134">
                                                 
                                               </testcase><testcase classname="amf.emit.CompleteCycleTest" name="Example raml to raml" time="0.083">
                                                 
                                               </testcase><testcase classname="amf.emit.CompleteCycleTest" name="Array Example raml to raml" time="0.022">
                                                 
                                               </testcase><testcase classname="amf.emit.CompleteCycleTest" name="Example oas to oas" time="0.068">
                                                 
                                               </testcase><testcase classname="amf.emit.CompleteCycleTest" name="Example raml to amf" time="0.361">
                                                 
                                               </testcase><testcase classname="amf.emit.CompleteCycleTest" name="Example json to amf" time="0.423">
                                                 
                                               </testcase><testcase classname="amf.emit.CompleteCycleTest" name="Example amf to raml" time="0.692">
                                                 
                                               </testcase><testcase classname="amf.emit.CompleteCycleTest" name="Example amf to json" time="0.691">
                                                 
                                               </testcase><testcase classname="amf.emit.CompleteCycleTest" name="Fragment Named Example raml to raml" time="0.027">
                                                 
                                               </testcase><testcase classname="amf.emit.CompleteCycleTest" name="Fragment Named Example oas to oas" time="0.038">
                                                 
                                               </testcase><testcase classname="amf.emit.CompleteCycleTest" name="External Fragment raml to amf" time="0.33">
                                                 
                                               </testcase><testcase classname="amf.emit.CompleteCycleTest" name="External Fragment raml to raml" time="0.107">
                                                 
                                               </testcase><testcase classname="amf.emit.CompleteCycleTest" name="External Fragment amf to raml" time="0.229">
                                                 
                                               </testcase><testcase classname="amf.emit.CompleteCycleTest" name="Facets raml to raml" time="0.032">
                                                 
                                               </testcase><testcase classname="amf.emit.CompleteCycleTest" name="Facets raml to amf" time="0.088">
                                                 
                                               </testcase><testcase classname="amf.emit.CompleteCycleTest" name="Facets amf to raml" time="0.217">
                                                 
                                               </testcase><testcase classname="amf.emit.CompleteCycleTest" name="Facets raml to oas" time="0.022">
                                                 
                                               </testcase><testcase classname="amf.emit.CompleteCycleTest" name="Facets oas to amf" time="0.04">
                                                 
                                               </testcase><testcase classname="amf.emit.CompleteCycleTest" name="Annotations with type expressions raml to raml" time="0.012">
                                                 
                                               </testcase><testcase classname="amf.emit.CompleteCycleTest" name="Parsing default types raml to amf" time="0.131">
                                                 
                                               </testcase><testcase classname="amf.emit.CompleteCycleTest" name="Parsing default types amf to raml" time="0.221">
                                                 
                                               </testcase><testcase classname="amf.emit.CompleteCycleTest" name="Parsing example of matrixShape raml to amf" time="0.065">
                                                 
                                               </testcase><testcase classname="amf.emit.CompleteCycleTest" name="Parsing example fragment raml to raml" time="0.024">
                                                 
                                               </testcase><testcase classname="amf.emit.CompleteCycleTest" name="Parsing example of matrixShape amf to raml" time="0.059">
                                                 
                                               </testcase><testcase classname="amf.emit.CompleteCycleTest" name="Parsing example of multiple inheritance raml to amf" time="0.092">
                                                 
                                               </testcase><testcase classname="amf.emit.CompleteCycleTest" name="Parsing example of multiple inheritance amf to raml" time="0.148">
                                                 
                                               </testcase><testcase classname="amf.emit.CompleteCycleTest" name="Type closed true raml to amf" time="0.027">
                                                 
                                               </testcase><testcase classname="amf.emit.CompleteCycleTest" name="Type closed true amf to raml" time="0.034">
                                                 
                                               </testcase><testcase classname="amf.emit.CompleteCycleTest" name="OAS descriptions for responses area added automatically raml to oas" time="0.025">
                                                 
                                               </testcase><testcase classname="amf.emit.CompleteCycleTest" name="OAS descriptions for responses area added automatically oas to raml" time="0.025">
                                                 
                                               </testcase><testcase classname="amf.emit.CompleteCycleTest" name="SecurityScheme without name raml to oas" time="0.028">
                                                 
                                               </testcase><testcase classname="amf.emit.CompleteCycleTest" name="Multiple media types test" time="0.041">
                                                 
                                               </testcase><testcase classname="amf.emit.CompleteCycleTest" name="References raml to amf" time="0.309">
                                                 
                                               </testcase><testcase classname="amf.emit.CompleteCycleTest" name="References raml to raml" time="0.055">
                                                 
                                               </testcase><testcase classname="amf.emit.CompleteCycleTest" name="References raml to oas" time="0.062">
                                                 
                                               </testcase><testcase classname="amf.emit.CompleteCycleTest" name="References oas to oas" time="0.054">
                                                 
                                               </testcase><testcase classname="amf.emit.CompleteCycleTest" name="References oas to amf" time="0.34">
                                                 
                                               </testcase><testcase classname="amf.emit.CompleteCycleTest" name="Uber oas to oas" time="0.164">
                                                 
                                               </testcase><testcase classname="amf.emit.CompleteCycleTest" name="Uber oas to raml" time="0.181">
                                                 
                                               </testcase><testcase classname="amf.emit.CompleteCycleTest" name="konst1 raml to amf" time="0.082">
                                                 
                                               </testcase><testcase classname="amf.emit.CompleteCycleTest" name="konst1 raml to raml" time="0.024">
                                                 
                                               </testcase><testcase classname="amf.emit.CompleteCycleTest" name="konst1 amf to raml" time="0.13">
                                                 
                                               </testcase><testcase classname="amf.emit.CompleteCycleTest" name="konst1 raml to oas" time="0.028">
                                                 
                                               </testcase><testcase classname="amf.emit.CompleteCycleTest" name="konst1 oas to raml" time="0.02">
                                                 
                                               </testcase>
                     <system-out></system-out>
                     <system-err></system-err>
                   </testsuite>