<?xml version='1.0' encoding='UTF-8'?>
<testsuite hostname="ML-AGARR-OSX.local" name="amf.dialects.DialectValidationTest" tests="18" errors="0" failures="0" skipped="0" time="9.842">
                     <properties>
[...]
</properties>
                     <testcase classname="amf.dialects.DialectValidationTest" name="Basic Validation Test" time="0.098">
                                                 
                                               </testcase><testcase classname="amf.dialects.DialectValidationTest" name="another validation test" time="0.062">
                                                 
                                               </testcase><testcase classname="amf.dialects.DialectValidationTest" name="missing required property" time="0.042">
                                                 
                                               </testcase><testcase classname="amf.dialects.DialectValidationTest" name="Vocabulary can be validated" time="0.837">
                                                 
                                               </testcase><testcase classname="amf.dialects.DialectValidationTest" name="raml validates" time="0.643">
                                                 
                                               </testcase><testcase classname="amf.dialects.DialectValidationTest" name="raml validates" time="1.387">
                                                 
                                               </testcase><testcase classname="amf.dialects.DialectValidationTest" name="raml validates" time="0.813">
                                                 
                                               </testcase><testcase classname="amf.dialects.DialectValidationTest" name="raml validates" time="0.523">
                                                 
                                               </testcase><testcase classname="amf.dialects.DialectValidationTest" name="Empty Vocabulary" time="0.287">
                                                 
                                               </testcase><testcase classname="amf.dialects.DialectValidationTest" name="Vocabulary can be validated with closed nodes" time="0.367">
                                                 
                                               </testcase><testcase classname="amf.dialects.DialectValidationTest" name="Custom dialect can be validated" time="0.75">
                                                 
                                               </testcase><testcase classname="amf.dialects.DialectValidationTest" name="Vocabulary can be validated with closed nodes (k8)" time="0.468">
                                                 
                                               </testcase><testcase classname="amf.dialects.DialectValidationTest" name="Vocabulary can be validated with references" time="0.481">
                                                 
                                               </testcase><testcase classname="amf.dialects.DialectValidationTest" name="Custom dialect can be validated (k8)" time="0.643">
                                                 
                                               </testcase><testcase classname="amf.dialects.DialectValidationTest" name="Custom dialect can be validated (amc2)" time="0.81">
                                                 
                                               </testcase><testcase classname="amf.dialects.DialectValidationTest" name="Custom dialect can be validated (amf-eng-demos)" time="0.106">
                                                 
                                               </testcase><testcase classname="amf.dialects.DialectValidationTest" name="Custom dialect with custom validation can be validated (amf-eng-demos)" time="0.561">
                                                 
                                               </testcase><testcase classname="amf.dialects.DialectValidationTest" name="Custom dialect can be validated (evented_apis)" time="0.964">
                                                 
                                               </testcase>
                     <system-out></system-out>
                     <system-err></system-err>
                   </testsuite>