<?xml version='1.0' encoding='UTF-8'?>
<testsuite hostname="ML-AGARR-OSX.local" name="amf.maker.DocumentMakerTest" tests="18" errors="0" failures="0" skipped="0" time="1.752">
                     <properties>
[...]
</properties>
                     <testcase classname="amf.maker.DocumentMakerTest" name="Generate complete web api instance" time="0.056">
                                                 
                                               </testcase><testcase classname="amf.maker.DocumentMakerTest" name="WebApi with nested endpoints - RAML" time="0.037">
                                                 
                                               </testcase><testcase classname="amf.maker.DocumentMakerTest" name="WebApi with nested endpoints - OAS" time="0.017">
                                                 
                                               </testcase><testcase classname="amf.maker.DocumentMakerTest" name="WebApi with multiple operations - RAML" time="0.032">
                                                 
                                               </testcase><testcase classname="amf.maker.DocumentMakerTest" name="WebApi with multiple operations - OAS" time="0.032">
                                                 
                                               </testcase><testcase classname="amf.maker.DocumentMakerTest" name="Parameters - RAML" time="0.048">
                                                 
                                               </testcase><testcase classname="amf.maker.DocumentMakerTest" name="Parameters - OAS" time="0.054">
                                                 
                                               </testcase><testcase classname="amf.maker.DocumentMakerTest" name="Responses - RAML" time="0.056">
                                                 
                                               </testcase><testcase classname="amf.maker.DocumentMakerTest" name="Responses - OAS" time="0.053">
                                                 
                                               </testcase><testcase classname="amf.maker.DocumentMakerTest" name="generate partial succeed" time="0.017">
                                                 
                                               </testcase><testcase classname="amf.maker.DocumentMakerTest" name="generate partial json" time="0.021">
                                                 
                                               </testcase><testcase classname="amf.maker.DocumentMakerTest" name="Generate raml example with types" time="0.145">
                                                 
                                               </testcase><testcase classname="amf.maker.DocumentMakerTest" name="Generate amf example with types" time="0.99">
                                                 
                                               </testcase><testcase classname="amf.maker.DocumentMakerTest" name="Generate oas example with types" time="0.099">
                                                 
                                               </testcase><testcase classname="amf.maker.DocumentMakerTest" name="Raml declared types" time="0.022">
                                                 
                                               </testcase><testcase classname="amf.maker.DocumentMakerTest" name="Oas declared types" time="0.021">
                                                 
                                               </testcase><testcase classname="amf.maker.DocumentMakerTest" name="Raml inherits declared types" time="0.02">
                                                 
                                               </testcase><testcase classname="amf.maker.DocumentMakerTest" name="Oas inherits declared types" time="0.032">
                                                 
                                               </testcase>
                     <system-out></system-out>
                     <system-err></system-err>
                   </testsuite>